# JRE version: Java(TM) SE Runtime Environment (8.0_20-b26) (build 1.8.0_20-b26)
# Java VM: Java HotSpot(TM) 64-Bit Server VM (25.20-b23 mixed mode windows-amd64 compressed oops)
Heap:
 PSYoungGen      total 186880K, used 166189K [0x000000076c900000, 0x000000077a200000, 0x00000007c0000000)
  eden space 172544K, 96% used [0x000000076c900000,0x0000000776b4b6d8,0x0000000777180000)
  from space 14336K, 0% used [0x0000000777e80000,0x0000000777e80000,0x0000000778c80000)
  to   space 13312K, 0% used [0x0000000777180000,0x0000000777180000,0x0000000777e80000)
 ParOldGen       total 150528K, used 12896K [0x00000006c5a00000, 0x00000006ced00000, 0x000000076c900000)
  object space 150528K, 8% used [0x00000006c5a00000,0x00000006c6698310,0x00000006ced00000)
 Metaspace       used 44300K, capacity 47014K, committed 47024K, reserved 1089536K
  class space    used 5810K, capacity 6318K, committed 6320K, reserved 1048576K
GC Heap History (10 events):
Event: 2.227 GC heap before
{Heap before GC invocations=4 (full 1):
 PSYoungGen      total 75264K, used 6510K [0x000000076c900000, 0x0000000775c00000, 0x00000007c0000000)
  eden space 64512K, 0% used [0x000000076c900000,0x000000076c900000,0x0000000770800000)
  from space 10752K, 60% used [0x0000000770800000,0x0000000770e5b820,0x0000000771280000)
  to   space 10752K, 0% used [0x0000000775180000,0x0000000775180000,0x0000000775c00000)
 ParOldGen       total 172032K, used 384K [0x00000006c5a00000, 0x00000006d0200000, 0x000000076c900000)
  object space 172032K, 0% used [0x00000006c5a00000,0x00000006c5a60230,0x00000006d0200000)
 Metaspace       used 20328K, capacity 21200K, committed 21296K, reserved 1067008K
  class space    used 2642K, capacity 2829K, committed 2864K, reserved 1048576K
Event: 2.251 GC heap after
Heap after GC invocations=4 (full 1):
 PSYoungGen      total 75264K, used 0K [0x000000076c900000, 0x0000000775c00000, 0x00000007c0000000)
  eden space 64512K, 0% used [0x000000076c900000,0x000000076c900000,0x0000000770800000)
  from space 10752K, 0% used [0x0000000770800000,0x0000000770800000,0x0000000771280000)
  to   space 10752K, 0% used [0x0000000775180000,0x0000000775180000,0x0000000775c00000)
 ParOldGen       total 92672K, used 6253K [0x00000006c5a00000, 0x00000006cb480000, 0x000000076c900000)
  object space 92672K, 6% used [0x00000006c5a00000,0x00000006c601b400,0x00000006cb480000)
 Metaspace       used 20326K, capacity 21198K, committed 21296K, reserved 1067008K
  class space    used 2641K, capacity 2828K, committed 2864K, reserved 1048576K
}
Event: 2.600 GC heap before
{Heap before GC invocations=5 (full 1):
 PSYoungGen      total 75264K, used 64512K [0x000000076c900000, 0x0000000775c00000, 0x00000007c0000000)
  eden space 64512K, 100% used [0x000000076c900000,0x0000000770800000,0x0000000770800000)
  from space 10752K, 0% used [0x0000000770800000,0x0000000770800000,0x0000000771280000)
  to   space 10752K, 0% used [0x0000000775180000,0x0000000775180000,0x0000000775c00000)
 ParOldGen       total 92672K, used 6253K [0x00000006c5a00000, 0x00000006cb480000, 0x000000076c900000)
  object space 92672K, 6% used [0x00000006c5a00000,0x00000006c601b400,0x00000006cb480000)
 Metaspace       used 23030K, capacity 24194K, committed 24368K, reserved 1071104K
  class space    used 3076K, capacity 3295K, committed 3376K, reserved 1048576K
Event: 2.603 GC heap after
Heap after GC invocations=5 (full 1):
 PSYoungGen      total 113152K, used 6344K [0x000000076c900000, 0x0000000775800000, 0x00000007c0000000)
  eden space 106496K, 0% used [0x000000076c900000,0x000000076c900000,0x0000000773100000)
  from space 6656K, 95% used [0x0000000775180000,0x00000007757b21e8,0x0000000775800000)
  to   space 10752K, 0% used [0x0000000774300000,0x0000000774300000,0x0000000774d80000)
 ParOldGen       total 92672K, used 6261K [0x00000006c5a00000, 0x00000006cb480000, 0x000000076c900000)
  object space 92672K, 6% used [0x00000006c5a00000,0x00000006c601d400,0x00000006cb480000)
 Metaspace       used 23030K, capacity 24194K, committed 24368K, reserved 1071104K
  class space    used 3076K, capacity 3295K, committed 3376K, reserved 1048576K
}
Event: 3.356 GC heap before
{Heap before GC invocations=6 (full 1):
 PSYoungGen      total 113152K, used 112840K [0x000000076c900000, 0x0000000775800000, 0x00000007c0000000)
  eden space 106496K, 100% used [0x000000076c900000,0x0000000773100000,0x0000000773100000)
  from space 6656K, 95% used [0x0000000775180000,0x00000007757b21e8,0x0000000775800000)
  to   space 10752K, 0% used [0x0000000774300000,0x0000000774300000,0x0000000774d80000)
 ParOldGen       total 92672K, used 6261K [0x00000006c5a00000, 0x00000006cb480000, 0x000000076c900000)
  object space 92672K, 6% used [0x00000006c5a00000,0x00000006c601d400,0x00000006cb480000)
 Metaspace       used 32369K, capacity 34368K, committed 34480K, reserved 1079296K
  class space    used 4352K, capacity 4736K, committed 4784K, reserved 1048576K
Event: 3.363 GC heap after
Heap after GC invocations=6 (full 1):
 PSYoungGen      total 135680K, used 10722K [0x000000076c900000, 0x0000000778c80000, 0x00000007c0000000)
  eden space 124928K, 0% used [0x000000076c900000,0x000000076c900000,0x0000000774300000)
  from space 10752K, 99% used [0x0000000774300000,0x0000000774d78ba8,0x0000000774d80000)
  to   space 14336K, 0% used [0x0000000777e80000,0x0000000777e80000,0x0000000778c80000)
 ParOldGen       total 92672K, used 7781K [0x00000006c5a00000, 0x00000006cb480000, 0x000000076c900000)
  object space 92672K, 8% used [0x00000006c5a00000,0x00000006c6199760,0x00000006cb480000)
 Metaspace       used 32369K, capacity 34368K, committed 34480K, reserved 1079296K
  class space    used 4352K, capacity 4736K, committed 4784K, reserved 1048576K
}
Event: 4.224 GC heap before
{Heap before GC invocations=7 (full 1):
 PSYoungGen      total 135680K, used 34327K [0x000000076c900000, 0x0000000778c80000, 0x00000007c0000000)
  eden space 124928K, 18% used [0x000000076c900000,0x000000076e00d080,0x0000000774300000)
  from space 10752K, 99% used [0x0000000774300000,0x0000000774d78ba8,0x0000000774d80000)
  to   space 14336K, 0% used [0x0000000777e80000,0x0000000777e80000,0x0000000778c80000)
 ParOldGen       total 92672K, used 7781K [0x00000006c5a00000, 0x00000006cb480000, 0x000000076c900000)
  object space 92672K, 8% used [0x00000006c5a00000,0x00000006c6199760,0x00000006cb480000)
 Metaspace       used 33429K, capacity 35446K, committed 35496K, reserved 1079296K
  class space    used 4499K, capacity 4911K, committed 4912K, reserved 1048576K
Event: 4.228 GC heap after
Heap after GC invocations=7 (full 1):
 PSYoungGen      total 186880K, used 8330K [0x000000076c900000, 0x000000077a200000, 0x00000007c0000000)
  eden space 172544K, 0% used [0x000000076c900000,0x000000076c900000,0x0000000777180000)
  from space 14336K, 58% used [0x0000000777e80000,0x00000007786a29f8,0x0000000778c80000)
  to   space 13312K, 0% used [0x0000000777180000,0x0000000777180000,0x0000000777e80000)
 ParOldGen       total 92672K, used 7789K [0x00000006c5a00000, 0x00000006cb480000, 0x000000076c900000)
  object space 92672K, 8% used [0x00000006c5a00000,0x00000006c619b760,0x00000006cb480000)
 Metaspace       used 33429K, capacity 35446K, committed 35496K, reserved 1079296K
  class space    used 4499K, capacity 4911K, committed 4912K, reserved 1048576K
}
Event: 4.228 GC heap before
{Heap before GC invocations=8 (full 2):
 PSYoungGen      total 186880K, used 8330K [0x000000076c900000, 0x000000077a200000, 0x00000007c0000000)
  eden space 172544K, 0% used [0x000000076c900000,0x000000076c900000,0x0000000777180000)
  from space 14336K, 58% used [0x0000000777e80000,0x00000007786a29f8,0x0000000778c80000)
  to   space 13312K, 0% used [0x0000000777180000,0x0000000777180000,0x0000000777e80000)
 ParOldGen       total 92672K, used 7789K [0x00000006c5a00000, 0x00000006cb480000, 0x000000076c900000)
  object space 92672K, 8% used [0x00000006c5a00000,0x00000006c619b760,0x00000006cb480000)
 Metaspace       used 33429K, capacity 35446K, committed 35496K, reserved 1079296K
  class space    used 4499K, capacity 4911K, committed 4912K, reserved 1048576K
Event: 4.286 GC heap after
Heap after GC invocations=8 (full 2):
 PSYoungGen      total 186880K, used 0K [0x000000076c900000, 0x000000077a200000, 0x00000007c0000000)
  eden space 172544K, 0% used [0x000000076c900000,0x000000076c900000,0x0000000777180000)
  from space 14336K, 0% used [0x0000000777e80000,0x0000000777e80000,0x0000000778c80000)
  to   space 13312K, 0% used [0x0000000777180000,0x0000000777180000,0x0000000777e80000)
 ParOldGen       total 150528K, used 12896K [0x00000006c5a00000, 0x00000006ced00000, 0x000000076c900000)
  object space 150528K, 8% used [0x00000006c5a00000,0x00000006c6698310,0x00000006ced00000)
 Metaspace       used 33424K, capacity 35438K, committed 35496K, reserved 1079296K
  class space    used 4498K, capacity 4909K, committed 4912K, reserved 1048576K
}

